This machine is d1-w6420a-22
My jobid is 4724184
Wed Sep 17 05:29:51 PM EDT 2025
Starting jobs...
Timestamp: Wed Sep 17 05:29:53 PM EDT 2025
Task 1 of 2 running on d1-w6420a-22
Task 0 of 2 running on d1-w6420a-22
===========================================
JOB STEP INFO:
         STEPID     NAME PARTITION     USER      TIME NODELIST
  4724184.batch    batch      main lwhit073      1:13 d1-w6420a-22
 4724184.extern   extern      main lwhit073      1:13 d1-w6420a-22
JobId=4724184 JobName=hex_N1n2
   UserId=lwhit073(631522) GroupId=users(14514) MCS_label=N/A
   Priority=23455 Nice=0 Account=odu QOS=normal
   JobState=RUNNING Reason=None Dependency=(null)
   Requeue=0 Restarts=0 BatchFlag=1 Reboot=0 ExitCode=0:0
   RunTime=00:01:13 TimeLimit=02:00:00 TimeMin=N/A
   SubmitTime=2025-09-17T17:29:50 EligibleTime=2025-09-17T17:29:50
   AccrueTime=2025-09-17T17:29:50
   StartTime=2025-09-17T17:29:50 EndTime=2025-09-17T19:29:50 Deadline=N/A
   SuspendTime=None SecsPreSuspend=0 LastSchedEval=2025-09-17T17:29:50 Scheduler=Backfill
   Partition=main AllocNode:Sid=wahab-01:494390
   ReqNodeList=(null) ExcNodeList=(null)
   NodeList=d1-w6420a-22
   BatchHost=d1-w6420a-22
   NumNodes=1 NumCPUs=2 NumTasks=2 CPUs/Task=1 ReqB:S:C:T=0:0:*:*
   ReqTRES=cpu=2,mem=350000M,node=1,billing=2
   AllocTRES=cpu=2,node=1,billing=2
   Socks/Node=* NtasksPerN:B:S:C=0:0:*:* CoreSpec=*
   MinCPUsNode=1 MinMemoryNode=0 MinTmpDiskNode=0
   Features=(null) DelayBoot=00:00:00
   OverSubscribe=OK Contiguous=0 Licenses=(null) LicensesAlloc=(null) Network=(null)
   Command=/home/lwhit073/slurmHex_script_template
   WorkDir=/home/lwhit073
   StdErr=/home/lwhit073/hex_N1n2-4724184.err
   StdIn=/dev/null
   StdOut=/home/lwhit073/hex_N1n2-4724184.out
   

===========================================
Done
Timestamp: Wed Sep 17 05:31:03 PM EDT 2025
