This machine is d4-w6420b-03
My jobid is 4724185
Wed Sep 17 05:29:51 PM EDT 2025
Starting jobs...
Timestamp: Wed Sep 17 05:29:55 PM EDT 2025
Task 1 of 2 running on d4-w6420b-03
Task 0 of 2 running on d4-w6420b-03
Task 3 of 4 running on d4-w6420b-04
Task 2 of 4 running on d4-w6420b-03
Task 0 of 4 running on d4-w6420b-03
Task 1 of 4 running on d4-w6420b-03
===========================================
JOB STEP INFO:
         STEPID     NAME PARTITION     USER      TIME NODELIST
  4724185.batch    batch      main lwhit073      2:23 d4-w6420b-03
 4724185.extern   extern      main lwhit073      2:23 d4-w6420b-[03-04]
JobId=4724185 JobName=hex_N2n4
   UserId=lwhit073(631522) GroupId=users(14514) MCS_label=N/A
   Priority=23483 Nice=0 Account=odu QOS=normal
   JobState=RUNNING Reason=None Dependency=(null)
   Requeue=0 Restarts=0 BatchFlag=1 Reboot=0 ExitCode=0:0
   RunTime=00:02:23 TimeLimit=02:00:00 TimeMin=N/A
   SubmitTime=2025-09-17T17:29:50 EligibleTime=2025-09-17T17:29:50
   AccrueTime=2025-09-17T17:29:50
   StartTime=2025-09-17T17:29:50 EndTime=2025-09-17T19:29:50 Deadline=N/A
   SuspendTime=None SecsPreSuspend=0 LastSchedEval=2025-09-17T17:29:50 Scheduler=Backfill
   Partition=main AllocNode:Sid=wahab-01:494390
   ReqNodeList=(null) ExcNodeList=(null)
   NodeList=d4-w6420b-[03-04]
   BatchHost=d4-w6420b-03
   NumNodes=2 NumCPUs=4 NumTasks=4 CPUs/Task=1 ReqB:S:C:T=0:0:*:*
   ReqTRES=cpu=4,mem=700000M,node=2,billing=4
   AllocTRES=cpu=4,node=2,billing=4
   Socks/Node=* NtasksPerN:B:S:C=0:0:*:* CoreSpec=*
   MinCPUsNode=1 MinMemoryNode=0 MinTmpDiskNode=0
   Features=(null) DelayBoot=00:00:00
   OverSubscribe=OK Contiguous=0 Licenses=(null) LicensesAlloc=(null) Network=(null)
   Command=/home/lwhit073/slurmHex_script_template
   WorkDir=/home/lwhit073
   StdErr=/home/lwhit073/hex_N2n4-4724185.err
   StdIn=/dev/null
   StdOut=/home/lwhit073/hex_N2n4-4724185.out
   

===========================================
Done
Timestamp: Wed Sep 17 05:32:13 PM EDT 2025
