This machine is e3-w6420b-05
My jobid is 4724188
Wed Sep 17 05:30:26 PM EDT 2025
Starting jobs...
Timestamp: Wed Sep 17 05:30:29 PM EDT 2025
Task 1 of 2 running on e3-w6420b-05
Task 0 of 2 running on e3-w6420b-05
Task 1 of 4 running on e3-w6420b-06
Task 0 of 4 running on e3-w6420b-06
Task 3 of 4 running on e3-w6420b-07
Task 2 of 4 running on e3-w6420b-07
Task 3 of 8 running on e3-w6420b-06
Task 1 of 8 running on e3-w6420b-05
Task 2 of 8 running on e3-w6420b-05
Task 5 of 8 running on e3-w6420b-06
Task 4 of 8 running on e3-w6420b-06
Task 0 of 8 running on e3-w6420b-05
Task 7 of 8 running on e3-w6420b-07
Task 6 of 8 running on e3-w6420b-07
===========================================
JOB STEP INFO:
         STEPID     NAME PARTITION     USER      TIME NODELIST
  4724188.batch    batch      main lwhit073      3:29 e3-w6420b-05
 4724188.extern   extern      main lwhit073      3:29 e3-w6420b-[05-07]
JobId=4724188 JobName=hex_N3n15
   UserId=lwhit073(631522) GroupId=users(14514) MCS_label=N/A
   Priority=23516 Nice=0 Account=odu QOS=normal
   JobState=RUNNING Reason=None Dependency=(null)
   Requeue=0 Restarts=0 BatchFlag=1 Reboot=0 ExitCode=0:0
   RunTime=00:03:29 TimeLimit=02:00:00 TimeMin=N/A
   SubmitTime=2025-09-17T17:30:25 EligibleTime=2025-09-17T17:30:25
   AccrueTime=2025-09-17T17:30:25
   StartTime=2025-09-17T17:30:26 EndTime=2025-09-17T19:30:26 Deadline=N/A
   SuspendTime=None SecsPreSuspend=0 LastSchedEval=2025-09-17T17:30:26 Scheduler=Main
   Partition=main AllocNode:Sid=wahab-01:494390
   ReqNodeList=(null) ExcNodeList=(null)
   NodeList=e3-w6420b-[05-07]
   BatchHost=e3-w6420b-05
   NumNodes=3 NumCPUs=15 NumTasks=15 CPUs/Task=1 ReqB:S:C:T=0:0:*:*
   ReqTRES=cpu=15,mem=1050000M,node=3,billing=15
   AllocTRES=cpu=15,node=3,billing=15
   Socks/Node=* NtasksPerN:B:S:C=5:0:*:* CoreSpec=*
   MinCPUsNode=5 MinMemoryNode=0 MinTmpDiskNode=0
   Features=(null) DelayBoot=00:00:00
   OverSubscribe=OK Contiguous=0 Licenses=(null) LicensesAlloc=(null) Network=(null)
   Command=/home/lwhit073/slurmHex_script_template
   WorkDir=/home/lwhit073
   StdErr=/home/lwhit073/hex_N3n15-4724188.err
   StdIn=/dev/null
   StdOut=/home/lwhit073/hex_N3n15-4724188.out
   

===========================================
Done
Timestamp: Wed Sep 17 05:33:55 PM EDT 2025
