This machine is d1-w6420a-02
My jobid is 4724186
Wed Sep 17 05:29:51 PM EDT 2025
Starting jobs...
Timestamp: Wed Sep 17 05:29:54 PM EDT 2025
Task 1 of 2 running on d1-w6420a-02
Task 0 of 2 running on d1-w6420a-02r
Task 2 of 4 running on d1-w6420a-02
Task 1 of 4 running on d1-w6420a-02
Task 3 of 4 running on d1-w6420a-03
Task 0 of 4 running on d1-w6420a-02
Task 6 of 8 running on d1-w6420a-03
Task 7 of 8 running on d1-w6420a-04
Task 3 of 8 running on d1-w6420a-02
Task 4 of 8 running on d1-w6420a-02
Task 5 of 8 running on d1-w6420a-02
Task 2 of 8 running on d1-w6420a-02
Task 1 of 8 running on d1-w6420a-02
Task 0 of 8 running on d1-w6420a-02
===========================================
JOB STEP INFO:
         STEPID     NAME PARTITION     USER      TIME NODELIST
  4724186.batch    batch      main lwhit073      3:29 d1-w6420a-02
 4724186.extern   extern      main lwhit073      3:29 d1-w6420a-[02-04]
JobId=4724186 JobName=hex_N3n8
   UserId=lwhit073(631522) GroupId=users(14514) MCS_label=N/A
   Priority=23512 Nice=0 Account=odu QOS=normal
   JobState=RUNNING Reason=None Dependency=(null)
   Requeue=0 Restarts=0 BatchFlag=1 Reboot=0 ExitCode=0:0
   RunTime=00:03:29 TimeLimit=02:00:00 TimeMin=N/A
   SubmitTime=2025-09-17T17:29:50 EligibleTime=2025-09-17T17:29:50
   AccrueTime=2025-09-17T17:29:50
   StartTime=2025-09-17T17:29:50 EndTime=2025-09-17T19:29:50 Deadline=N/A
   SuspendTime=None SecsPreSuspend=0 LastSchedEval=2025-09-17T17:29:50 Scheduler=Backfill
   Partition=main AllocNode:Sid=wahab-01:494390
   ReqNodeList=(null) ExcNodeList=(null)
   NodeList=d1-w6420a-[02-04]
   BatchHost=d1-w6420a-02
   NumNodes=3 NumCPUs=8 NumTasks=8 CPUs/Task=1 ReqB:S:C:T=0:0:*:*
   ReqTRES=cpu=8,mem=1050000M,node=3,billing=8
   AllocTRES=cpu=8,node=3,billing=8
   Socks/Node=* NtasksPerN:B:S:C=0:0:*:* CoreSpec=*
   MinCPUsNode=1 MinMemoryNode=0 MinTmpDiskNode=0
   Features=(null) DelayBoot=00:00:00
   OverSubscribe=OK Contiguous=0 Licenses=(null) LicensesAlloc=(null) Network=(null)
   Command=/home/lwhit073/slurmHex_script_template
   WorkDir=/home/lwhit073
   StdErr=/home/lwhit073/hex_N3n8-4724186.err
   StdIn=/dev/null
   StdOut=/home/lwhit073/hex_N3n8-4724186.out
   

===========================================
Done
Timestamp: Wed Sep 17 05:33:19 PM EDT 2025
